{"/Users/annawinther/Documents/Lambda/TL/DadJokes-BW-PL/dadjokes-backend/knexfile.js": {"path":"/Users/annawinther/Documents/Lambda/TL/DadJokes-BW-PL/dadjokes-backend/knexfile.js","statementMap":{"0":{"start":{"line":3,"column":0},"end":{"line":66,"column":2}},"1":{"start":{"line":19,"column":8},"end":{"line":19,"column":51}}},"fnMap":{"0":{"name":"(anonymous_0)","decl":{"start":{"line":17,"column":19},"end":{"line":17,"column":20}},"loc":{"start":{"line":17,"column":35},"end":{"line":20,"column":7}},"line":17}},"branchMap":{},"s":{"0":5,"1":4},"f":{"0":4},"b":{},"_coverageSchema":"43e27e138ebf9cfc5966b082cf9a028302ed4184","hash":"d48dc810b0fc7b0e1654dfd606a85c8eb9ed90a8"}
,"/Users/annawinther/Documents/Lambda/TL/DadJokes-BW-PL/dadjokes-backend/api/server.js": {"path":"/Users/annawinther/Documents/Lambda/TL/DadJokes-BW-PL/dadjokes-backend/api/server.js","statementMap":{"0":{"start":{"line":1,"column":16},"end":{"line":1,"column":34}},"1":{"start":{"line":2,"column":13},"end":{"line":2,"column":28}},"2":{"start":{"line":3,"column":15},"end":{"line":3,"column":32}},"3":{"start":{"line":4,"column":19},"end":{"line":4,"column":49}},"4":{"start":{"line":5,"column":20},"end":{"line":5,"column":51}},"5":{"start":{"line":6,"column":26},"end":{"line":6,"column":63}},"6":{"start":{"line":7,"column":19},"end":{"line":7,"column":54}},"7":{"start":{"line":9,"column":15},"end":{"line":9,"column":24}},"8":{"start":{"line":11,"column":0},"end":{"line":11,"column":27}},"9":{"start":{"line":12,"column":0},"end":{"line":12,"column":21}},"10":{"start":{"line":13,"column":0},"end":{"line":13,"column":19}},"11":{"start":{"line":14,"column":0},"end":{"line":14,"column":36}},"12":{"start":{"line":15,"column":0},"end":{"line":15,"column":50}},"13":{"start":{"line":16,"column":0},"end":{"line":16,"column":51}},"14":{"start":{"line":18,"column":0},"end":{"line":20,"column":2}},"15":{"start":{"line":19,"column":4},"end":{"line":19,"column":42}},"16":{"start":{"line":22,"column":0},"end":{"line":22,"column":24}}},"fnMap":{"0":{"name":"(anonymous_0)","decl":{"start":{"line":18,"column":16},"end":{"line":18,"column":17}},"loc":{"start":{"line":18,"column":30},"end":{"line":20,"column":1}},"line":18}},"branchMap":{},"s":{"0":4,"1":4,"2":4,"3":4,"4":4,"5":4,"6":4,"7":4,"8":4,"9":4,"10":4,"11":4,"12":4,"13":4,"14":4,"15":1,"16":4},"f":{"0":1},"b":{},"_coverageSchema":"43e27e138ebf9cfc5966b082cf9a028302ed4184","hash":"7040c9bae6177be361a164caf318a3ce45286c6e"}
,"/Users/annawinther/Documents/Lambda/TL/DadJokes-BW-PL/dadjokes-backend/api/models/authModels.js": {"path":"/Users/annawinther/Documents/Lambda/TL/DadJokes-BW-PL/dadjokes-backend/api/models/authModels.js","statementMap":{"0":{"start":{"line":1,"column":11},"end":{"line":1,"column":41}},"1":{"start":{"line":4,"column":0},"end":{"line":9,"column":1}},"2":{"start":{"line":12,"column":4},"end":{"line":12,"column":22}},"3":{"start":{"line":16,"column":4},"end":{"line":18,"column":16}},"4":{"start":{"line":22,"column":4},"end":{"line":24,"column":17}},"5":{"start":{"line":30,"column":17},"end":{"line":30,"column":53}},"6":{"start":{"line":31,"column":4},"end":{"line":31,"column":23}}},"fnMap":{"0":{"name":"getAllUsers","decl":{"start":{"line":11,"column":9},"end":{"line":11,"column":20}},"loc":{"start":{"line":11,"column":22},"end":{"line":13,"column":1}},"line":11},"1":{"name":"findById","decl":{"start":{"line":15,"column":9},"end":{"line":15,"column":17}},"loc":{"start":{"line":15,"column":21},"end":{"line":19,"column":1}},"line":15},"2":{"name":"findBy","decl":{"start":{"line":21,"column":9},"end":{"line":21,"column":15}},"loc":{"start":{"line":21,"column":26},"end":{"line":26,"column":1}},"line":21},"3":{"name":"addUser","decl":{"start":{"line":28,"column":15},"end":{"line":28,"column":22}},"loc":{"start":{"line":28,"column":28},"end":{"line":32,"column":1}},"line":28}},"branchMap":{},"s":{"0":4,"1":4,"2":0,"3":2,"4":3,"5":2,"6":2},"f":{"0":0,"1":2,"2":3,"3":2},"b":{},"_coverageSchema":"43e27e138ebf9cfc5966b082cf9a028302ed4184","hash":"8fb1170843d814c0d8c2205154125b77acd5197d"}
,"/Users/annawinther/Documents/Lambda/TL/DadJokes-BW-PL/dadjokes-backend/api/models/jokesModel.js": {"path":"/Users/annawinther/Documents/Lambda/TL/DadJokes-BW-PL/dadjokes-backend/api/models/jokesModel.js","statementMap":{"0":{"start":{"line":1,"column":11},"end":{"line":1,"column":41}},"1":{"start":{"line":2,"column":20},"end":{"line":2,"column":51}},"2":{"start":{"line":4,"column":0},"end":{"line":11,"column":1}},"3":{"start":{"line":14,"column":4},"end":{"line":23,"column":9}},"4":{"start":{"line":28,"column":4},"end":{"line":28,"column":22}},"5":{"start":{"line":47,"column":4},"end":{"line":53,"column":16}},"6":{"start":{"line":79,"column":4},"end":{"line":83,"column":10}},"7":{"start":{"line":81,"column":25},"end":{"line":81,"column":28}},"8":{"start":{"line":82,"column":12},"end":{"line":82,"column":44}},"9":{"start":{"line":87,"column":4},"end":{"line":90,"column":17}},"10":{"start":{"line":94,"column":4},"end":{"line":97,"column":24}}},"fnMap":{"0":{"name":"getAllJokes","decl":{"start":{"line":13,"column":9},"end":{"line":13,"column":20}},"loc":{"start":{"line":13,"column":28},"end":{"line":25,"column":1}},"line":13},"1":{"name":"findUsersJoke","decl":{"start":{"line":27,"column":9},"end":{"line":27,"column":22}},"loc":{"start":{"line":27,"column":24},"end":{"line":30,"column":1}},"line":27},"2":{"name":"findJokeById","decl":{"start":{"line":46,"column":9},"end":{"line":46,"column":21}},"loc":{"start":{"line":46,"column":33},"end":{"line":55,"column":1}},"line":46},"3":{"name":"addJoke","decl":{"start":{"line":74,"column":11},"end":{"line":74,"column":18}},"loc":{"start":{"line":74,"column":32},"end":{"line":84,"column":1}},"line":74},"4":{"name":"(anonymous_4)","decl":{"start":{"line":80,"column":11},"end":{"line":80,"column":12}},"loc":{"start":{"line":80,"column":18},"end":{"line":83,"column":9}},"line":80},"5":{"name":"deleteJoke","decl":{"start":{"line":86,"column":9},"end":{"line":86,"column":19}},"loc":{"start":{"line":86,"column":35},"end":{"line":91,"column":1}},"line":86},"6":{"name":"updateJoke","decl":{"start":{"line":93,"column":10},"end":{"line":93,"column":20}},"loc":{"start":{"line":93,"column":45},"end":{"line":102,"column":1}},"line":93}},"branchMap":{"0":{"loc":{"start":{"line":50,"column":19},"end":{"line":50,"column":30}},"type":"binary-expr","locations":[{"start":{"line":50,"column":19},"end":{"line":50,"column":25}},{"start":{"line":50,"column":29},"end":{"line":50,"column":30}}],"line":50}},"s":{"0":5,"1":5,"2":5,"3":1,"4":0,"5":2,"6":3,"7":2,"8":2,"9":2,"10":1},"f":{"0":1,"1":0,"2":2,"3":3,"4":2,"5":2,"6":1},"b":{"0":[2,1]},"_coverageSchema":"43e27e138ebf9cfc5966b082cf9a028302ed4184","hash":"42da4a0486205611a4276f14b9d2a6c40e0bb83a"}
,"/Users/annawinther/Documents/Lambda/TL/DadJokes-BW-PL/dadjokes-backend/api/models/publicJokesModel.js": {"path":"/Users/annawinther/Documents/Lambda/TL/DadJokes-BW-PL/dadjokes-backend/api/models/publicJokesModel.js","statementMap":{"0":{"start":{"line":1,"column":11},"end":{"line":1,"column":41}},"1":{"start":{"line":4,"column":4},"end":{"line":14,"column":34}},"2":{"start":{"line":32,"column":0},"end":{"line":34,"column":2}}},"fnMap":{"0":{"name":"getPublicJokes","decl":{"start":{"line":3,"column":9},"end":{"line":3,"column":23}},"loc":{"start":{"line":3,"column":25},"end":{"line":15,"column":1}},"line":3}},"branchMap":{},"s":{"0":4,"1":1,"2":4},"f":{"0":1},"b":{},"_coverageSchema":"43e27e138ebf9cfc5966b082cf9a028302ed4184","hash":"8431052ed8fc7585ae3998ef5c9ae22d89283557"}
,"/Users/annawinther/Documents/Lambda/TL/DadJokes-BW-PL/dadjokes-backend/api/routes/authRoutes.js": {"path":"/Users/annawinther/Documents/Lambda/TL/DadJokes-BW-PL/dadjokes-backend/api/routes/authRoutes.js","statementMap":{"0":{"start":{"line":1,"column":15},"end":{"line":1,"column":42}},"1":{"start":{"line":3,"column":15},"end":{"line":3,"column":34}},"2":{"start":{"line":4,"column":12},"end":{"line":4,"column":35}},"3":{"start":{"line":6,"column":14},"end":{"line":6,"column":45}},"4":{"start":{"line":7,"column":16},"end":{"line":7,"column":46}},"5":{"start":{"line":10,"column":0},"end":{"line":30,"column":2}},"6":{"start":{"line":11,"column":40},"end":{"line":11,"column":48}},"7":{"start":{"line":12,"column":8},"end":{"line":16,"column":9}},"8":{"start":{"line":13,"column":10},"end":{"line":15,"column":13}},"9":{"start":{"line":17,"column":17},"end":{"line":17,"column":46}},"10":{"start":{"line":19,"column":20},"end":{"line":23,"column":5}},"11":{"start":{"line":24,"column":4},"end":{"line":29,"column":5}},"12":{"start":{"line":25,"column":22},"end":{"line":25,"column":50}},"13":{"start":{"line":26,"column":8},"end":{"line":26,"column":35}},"14":{"start":{"line":28,"column":8},"end":{"line":28,"column":72}},"15":{"start":{"line":57,"column":0},"end":{"line":75,"column":3}},"16":{"start":{"line":58,"column":32},"end":{"line":58,"column":40}},"17":{"start":{"line":60,"column":4},"end":{"line":74,"column":10}},"18":{"start":{"line":62,"column":12},"end":{"line":70,"column":13}},"19":{"start":{"line":63,"column":30},"end":{"line":63,"column":49}},"20":{"start":{"line":64,"column":16},"end":{"line":67,"column":18}},"21":{"start":{"line":69,"column":16},"end":{"line":69,"column":72}},"22":{"start":{"line":73,"column":12},"end":{"line":73,"column":75}},"23":{"start":{"line":106,"column":20},"end":{"line":109,"column":5}},"24":{"start":{"line":110,"column":20},"end":{"line":112,"column":5}},"25":{"start":{"line":113,"column":4},"end":{"line":113,"column":56}},"26":{"start":{"line":116,"column":0},"end":{"line":116,"column":24}}},"fnMap":{"0":{"name":"(anonymous_0)","decl":{"start":{"line":10,"column":25},"end":{"line":10,"column":26}},"loc":{"start":{"line":10,"column":45},"end":{"line":30,"column":1}},"line":10},"1":{"name":"(anonymous_1)","decl":{"start":{"line":57,"column":23},"end":{"line":57,"column":24}},"loc":{"start":{"line":57,"column":37},"end":{"line":75,"column":1}},"line":57},"2":{"name":"(anonymous_2)","decl":{"start":{"line":61,"column":14},"end":{"line":61,"column":15}},"loc":{"start":{"line":61,"column":22},"end":{"line":71,"column":9}},"line":61},"3":{"name":"(anonymous_3)","decl":{"start":{"line":72,"column":15},"end":{"line":72,"column":16}},"loc":{"start":{"line":72,"column":21},"end":{"line":74,"column":9}},"line":72},"4":{"name":"generateToken","decl":{"start":{"line":105,"column":9},"end":{"line":105,"column":22}},"loc":{"start":{"line":105,"column":28},"end":{"line":114,"column":1}},"line":105}},"branchMap":{"0":{"loc":{"start":{"line":12,"column":8},"end":{"line":16,"column":9}},"type":"if","locations":[{"start":{"line":12,"column":8},"end":{"line":16,"column":9}},{"start":{"line":12,"column":8},"end":{"line":16,"column":9}}],"line":12},"1":{"loc":{"start":{"line":12,"column":12},"end":{"line":12,"column":44}},"type":"binary-expr","locations":[{"start":{"line":12,"column":12},"end":{"line":12,"column":18}},{"start":{"line":12,"column":22},"end":{"line":12,"column":31}},{"start":{"line":12,"column":35},"end":{"line":12,"column":44}}],"line":12},"2":{"loc":{"start":{"line":62,"column":12},"end":{"line":70,"column":13}},"type":"if","locations":[{"start":{"line":62,"column":12},"end":{"line":70,"column":13}},{"start":{"line":62,"column":12},"end":{"line":70,"column":13}}],"line":62},"3":{"loc":{"start":{"line":62,"column":15},"end":{"line":62,"column":66}},"type":"binary-expr","locations":[{"start":{"line":62,"column":15},"end":{"line":62,"column":19}},{"start":{"line":62,"column":23},"end":{"line":62,"column":66}}],"line":62}},"s":{"0":4,"1":4,"2":4,"3":4,"4":4,"5":4,"6":2,"7":2,"8":0,"9":2,"10":2,"11":2,"12":2,"13":2,"14":0,"15":4,"16":3,"17":3,"18":2,"19":2,"20":2,"21":0,"22":1,"23":2,"24":2,"25":2,"26":4},"f":{"0":2,"1":3,"2":2,"3":1,"4":2},"b":{"0":[0,2],"1":[2,2,2],"2":[2,0],"3":[2,2]},"_coverageSchema":"43e27e138ebf9cfc5966b082cf9a028302ed4184","hash":"ff55939c59f44a35faf6c9c297f809a907b57471"}
,"/Users/annawinther/Documents/Lambda/TL/DadJokes-BW-PL/dadjokes-backend/api/routes/jokesRouter.js": {"path":"/Users/annawinther/Documents/Lambda/TL/DadJokes-BW-PL/dadjokes-backend/api/routes/jokesRouter.js","statementMap":{"0":{"start":{"line":1,"column":15},"end":{"line":1,"column":42}},"1":{"start":{"line":3,"column":14},"end":{"line":3,"column":45}},"2":{"start":{"line":4,"column":20},"end":{"line":4,"column":51}},"3":{"start":{"line":6,"column":0},"end":{"line":17,"column":2}},"4":{"start":{"line":7,"column":23},"end":{"line":7,"column":48}},"5":{"start":{"line":8,"column":19},"end":{"line":8,"column":42}},"6":{"start":{"line":10,"column":4},"end":{"line":16,"column":10}},"7":{"start":{"line":12,"column":12},"end":{"line":12,"column":39}},"8":{"start":{"line":15,"column":12},"end":{"line":15,"column":77}},"9":{"start":{"line":19,"column":0},"end":{"line":31,"column":2}},"10":{"start":{"line":20,"column":23},"end":{"line":20,"column":48}},"11":{"start":{"line":21,"column":19},"end":{"line":21,"column":42}},"12":{"start":{"line":23,"column":15},"end":{"line":23,"column":28}},"13":{"start":{"line":24,"column":4},"end":{"line":30,"column":10}},"14":{"start":{"line":26,"column":12},"end":{"line":26,"column":38}},"15":{"start":{"line":29,"column":12},"end":{"line":29,"column":81}},"16":{"start":{"line":52,"column":0},"end":{"line":61,"column":3}},"17":{"start":{"line":54,"column":4},"end":{"line":60,"column":14}},"18":{"start":{"line":56,"column":12},"end":{"line":56,"column":38}},"19":{"start":{"line":59,"column":12},"end":{"line":59,"column":68}},"20":{"start":{"line":63,"column":1},"end":{"line":76,"column":3}},"21":{"start":{"line":64,"column":15},"end":{"line":64,"column":28}},"22":{"start":{"line":66,"column":23},"end":{"line":66,"column":48}},"23":{"start":{"line":67,"column":19},"end":{"line":67,"column":42}},"24":{"start":{"line":69,"column":4},"end":{"line":75,"column":10}},"25":{"start":{"line":71,"column":12},"end":{"line":71,"column":78}},"26":{"start":{"line":74,"column":12},"end":{"line":74,"column":57}},"27":{"start":{"line":78,"column":1},"end":{"line":92,"column":3}},"28":{"start":{"line":79,"column":14},"end":{"line":79,"column":27}},"29":{"start":{"line":80,"column":16},"end":{"line":80,"column":24}},"30":{"start":{"line":82,"column":21},"end":{"line":82,"column":46}},"31":{"start":{"line":83,"column":17},"end":{"line":83,"column":40}},"32":{"start":{"line":85,"column":3},"end":{"line":91,"column":5}},"33":{"start":{"line":87,"column":5},"end":{"line":87,"column":99}},"34":{"start":{"line":90,"column":5},"end":{"line":90,"column":48}},"35":{"start":{"line":95,"column":0},"end":{"line":95,"column":24}}},"fnMap":{"0":{"name":"(anonymous_0)","decl":{"start":{"line":6,"column":16},"end":{"line":6,"column":17}},"loc":{"start":{"line":6,"column":30},"end":{"line":17,"column":1}},"line":6},"1":{"name":"(anonymous_1)","decl":{"start":{"line":11,"column":14},"end":{"line":11,"column":15}},"loc":{"start":{"line":11,"column":23},"end":{"line":13,"column":9}},"line":11},"2":{"name":"(anonymous_2)","decl":{"start":{"line":14,"column":15},"end":{"line":14,"column":16}},"loc":{"start":{"line":14,"column":26},"end":{"line":16,"column":9}},"line":14},"3":{"name":"(anonymous_3)","decl":{"start":{"line":19,"column":19},"end":{"line":19,"column":20}},"loc":{"start":{"line":19,"column":33},"end":{"line":31,"column":1}},"line":19},"4":{"name":"(anonymous_4)","decl":{"start":{"line":25,"column":14},"end":{"line":25,"column":15}},"loc":{"start":{"line":25,"column":22},"end":{"line":27,"column":9}},"line":25},"5":{"name":"(anonymous_5)","decl":{"start":{"line":28,"column":15},"end":{"line":28,"column":16}},"loc":{"start":{"line":28,"column":21},"end":{"line":30,"column":9}},"line":28},"6":{"name":"(anonymous_6)","decl":{"start":{"line":52,"column":17},"end":{"line":52,"column":18}},"loc":{"start":{"line":52,"column":31},"end":{"line":61,"column":2}},"line":52},"7":{"name":"(anonymous_7)","decl":{"start":{"line":55,"column":14},"end":{"line":55,"column":15}},"loc":{"start":{"line":55,"column":22},"end":{"line":57,"column":9}},"line":55},"8":{"name":"(anonymous_8)","decl":{"start":{"line":58,"column":15},"end":{"line":58,"column":16}},"loc":{"start":{"line":58,"column":21},"end":{"line":60,"column":13}},"line":58},"9":{"name":"(anonymous_9)","decl":{"start":{"line":63,"column":23},"end":{"line":63,"column":24}},"loc":{"start":{"line":63,"column":37},"end":{"line":76,"column":2}},"line":63},"10":{"name":"(anonymous_10)","decl":{"start":{"line":70,"column":14},"end":{"line":70,"column":15}},"loc":{"start":{"line":70,"column":20},"end":{"line":72,"column":9}},"line":70},"11":{"name":"(anonymous_11)","decl":{"start":{"line":73,"column":15},"end":{"line":73,"column":16}},"loc":{"start":{"line":73,"column":24},"end":{"line":75,"column":9}},"line":73},"12":{"name":"(anonymous_12)","decl":{"start":{"line":78,"column":20},"end":{"line":78,"column":21}},"loc":{"start":{"line":78,"column":34},"end":{"line":92,"column":2}},"line":78},"13":{"name":"(anonymous_13)","decl":{"start":{"line":86,"column":9},"end":{"line":86,"column":10}},"loc":{"start":{"line":86,"column":17},"end":{"line":88,"column":4}},"line":86},"14":{"name":"(anonymous_14)","decl":{"start":{"line":89,"column":10},"end":{"line":89,"column":11}},"loc":{"start":{"line":89,"column":17},"end":{"line":91,"column":4}},"line":89}},"branchMap":{},"s":{"0":4,"1":4,"2":4,"3":4,"4":1,"5":1,"6":1,"7":1,"8":0,"9":4,"10":0,"11":0,"12":0,"13":0,"14":0,"15":0,"16":4,"17":0,"18":0,"19":0,"20":4,"21":0,"22":0,"23":0,"24":0,"25":0,"26":0,"27":4,"28":0,"29":0,"30":0,"31":0,"32":0,"33":0,"34":0,"35":4},"f":{"0":1,"1":1,"2":0,"3":0,"4":0,"5":0,"6":0,"7":0,"8":0,"9":0,"10":0,"11":0,"12":0,"13":0,"14":0},"b":{},"_coverageSchema":"43e27e138ebf9cfc5966b082cf9a028302ed4184","hash":"be680d455e53b3a42814cae3cbb6b17270466c25"}
,"/Users/annawinther/Documents/Lambda/TL/DadJokes-BW-PL/dadjokes-backend/api/routes/publicJokesRouter.js": {"path":"/Users/annawinther/Documents/Lambda/TL/DadJokes-BW-PL/dadjokes-backend/api/routes/publicJokesRouter.js","statementMap":{"0":{"start":{"line":1,"column":15},"end":{"line":1,"column":42}},"1":{"start":{"line":2,"column":15},"end":{"line":2,"column":52}},"2":{"start":{"line":4,"column":0},"end":{"line":31,"column":5}},"3":{"start":{"line":5,"column":2},"end":{"line":13,"column":7}},"4":{"start":{"line":7,"column":9},"end":{"line":7,"column":37}},"5":{"start":{"line":10,"column":8},"end":{"line":12,"column":13}},"6":{"start":{"line":33,"column":2},"end":{"line":33,"column":26}}},"fnMap":{"0":{"name":"(anonymous_0)","decl":{"start":{"line":4,"column":16},"end":{"line":4,"column":17}},"loc":{"start":{"line":4,"column":30},"end":{"line":31,"column":3}},"line":4},"1":{"name":"(anonymous_1)","decl":{"start":{"line":6,"column":11},"end":{"line":6,"column":12}},"loc":{"start":{"line":6,"column":20},"end":{"line":8,"column":6}},"line":6},"2":{"name":"(anonymous_2)","decl":{"start":{"line":9,"column":12},"end":{"line":9,"column":13}},"loc":{"start":{"line":9,"column":21},"end":{"line":13,"column":6}},"line":9}},"branchMap":{},"s":{"0":4,"1":4,"2":4,"3":1,"4":1,"5":0,"6":4},"f":{"0":1,"1":1,"2":0},"b":{},"_coverageSchema":"43e27e138ebf9cfc5966b082cf9a028302ed4184","hash":"46bc085c5d3f283ff29c6aec8e863e7d4f5da498"}
,"/Users/annawinther/Documents/Lambda/TL/DadJokes-BW-PL/dadjokes-backend/config/secret.js": {"path":"/Users/annawinther/Documents/Lambda/TL/DadJokes-BW-PL/dadjokes-backend/config/secret.js","statementMap":{"0":{"start":{"line":1,"column":0},"end":{"line":4,"column":1}}},"fnMap":{},"branchMap":{"0":{"loc":{"start":{"line":3,"column":15},"end":{"line":3,"column":64}},"type":"binary-expr","locations":[{"start":{"line":3,"column":15},"end":{"line":3,"column":37}},{"start":{"line":3,"column":41},"end":{"line":3,"column":64}}],"line":3}},"s":{"0":5},"f":{},"b":{"0":[5,5]},"_coverageSchema":"43e27e138ebf9cfc5966b082cf9a028302ed4184","hash":"459f49f5f053451f6d78f8fabd88c08be6b804b9"}
,"/Users/annawinther/Documents/Lambda/TL/DadJokes-BW-PL/dadjokes-backend/data/dbConfig.js": {"path":"/Users/annawinther/Documents/Lambda/TL/DadJokes-BW-PL/dadjokes-backend/data/dbConfig.js","statementMap":{"0":{"start":{"line":1,"column":13},"end":{"line":1,"column":28}},"1":{"start":{"line":3,"column":19},"end":{"line":3,"column":44}},"2":{"start":{"line":5,"column":14},"end":{"line":5,"column":49}},"3":{"start":{"line":7,"column":0},"end":{"line":7,"column":41}}},"fnMap":{},"branchMap":{"0":{"loc":{"start":{"line":5,"column":14},"end":{"line":5,"column":49}},"type":"binary-expr","locations":[{"start":{"line":5,"column":14},"end":{"line":5,"column":32}},{"start":{"line":5,"column":36},"end":{"line":5,"column":49}}],"line":5}},"s":{"0":5,"1":5,"2":5,"3":5},"f":{},"b":{"0":[5,5]},"_coverageSchema":"43e27e138ebf9cfc5966b082cf9a028302ed4184","hash":"b93fbefd567a8609d7ba765a922b33427e0bf3d3"}
,"/Users/annawinther/Documents/Lambda/TL/DadJokes-BW-PL/dadjokes-backend/middleware/jwt.js": {"path":"/Users/annawinther/Documents/Lambda/TL/DadJokes-BW-PL/dadjokes-backend/middleware/jwt.js","statementMap":{"0":{"start":{"line":1,"column":12},"end":{"line":1,"column":35}},"1":{"start":{"line":2,"column":15},"end":{"line":2,"column":42}},"2":{"start":{"line":4,"column":0},"end":{"line":4,"column":29}},"3":{"start":{"line":7,"column":18},"end":{"line":7,"column":40}},"4":{"start":{"line":8,"column":5},"end":{"line":8,"column":24}}},"fnMap":{"0":{"name":"JWTtoUserID","decl":{"start":{"line":6,"column":9},"end":{"line":6,"column":20}},"loc":{"start":{"line":6,"column":32},"end":{"line":9,"column":1}},"line":6}},"branchMap":{},"s":{"0":5,"1":5,"2":5,"3":1,"4":1},"f":{"0":1},"b":{},"_coverageSchema":"43e27e138ebf9cfc5966b082cf9a028302ed4184","hash":"039edf5b909d0785604499e5393456aa1ecfa2fd"}
,"/Users/annawinther/Documents/Lambda/TL/DadJokes-BW-PL/dadjokes-backend/middleware/restricted.js": {"path":"/Users/annawinther/Documents/Lambda/TL/DadJokes-BW-PL/dadjokes-backend/middleware/restricted.js","statementMap":{"0":{"start":{"line":1,"column":12},"end":{"line":1,"column":35}},"1":{"start":{"line":2,"column":15},"end":{"line":2,"column":42}},"2":{"start":{"line":5,"column":0},"end":{"line":5,"column":28}},"3":{"start":{"line":8,"column":32},"end":{"line":8,"column":57}},"4":{"start":{"line":10,"column":4},"end":{"line":21,"column":5}},"5":{"start":{"line":11,"column":8},"end":{"line":18,"column":10}},"6":{"start":{"line":12,"column":12},"end":{"line":17,"column":13}},"7":{"start":{"line":13,"column":16},"end":{"line":13,"column":90}},"8":{"start":{"line":15,"column":16},"end":{"line":15,"column":48}},"9":{"start":{"line":16,"column":16},"end":{"line":16,"column":23}},"10":{"start":{"line":20,"column":8},"end":{"line":20,"column":55}}},"fnMap":{"0":{"name":"restricted","decl":{"start":{"line":7,"column":9},"end":{"line":7,"column":19}},"loc":{"start":{"line":7,"column":35},"end":{"line":22,"column":1}},"line":7},"1":{"name":"(anonymous_1)","decl":{"start":{"line":11,"column":58},"end":{"line":11,"column":59}},"loc":{"start":{"line":11,"column":81},"end":{"line":18,"column":9}},"line":11}},"branchMap":{"0":{"loc":{"start":{"line":10,"column":4},"end":{"line":21,"column":5}},"type":"if","locations":[{"start":{"line":10,"column":4},"end":{"line":21,"column":5}},{"start":{"line":10,"column":4},"end":{"line":21,"column":5}}],"line":10},"1":{"loc":{"start":{"line":12,"column":12},"end":{"line":17,"column":13}},"type":"if","locations":[{"start":{"line":12,"column":12},"end":{"line":17,"column":13}},{"start":{"line":12,"column":12},"end":{"line":17,"column":13}}],"line":12}},"s":{"0":4,"1":4,"2":4,"3":6,"4":6,"5":1,"6":1,"7":0,"8":1,"9":1,"10":5},"f":{"0":6,"1":1},"b":{"0":[1,5],"1":[0,1]},"_coverageSchema":"43e27e138ebf9cfc5966b082cf9a028302ed4184","hash":"1619676172c92e3afa06e298ac67521a90ae11da"}
}
