{"/Users/annawinther/Documents/Lambda/TL/DadJokes-BW-PL/dadjokes-backend/knexfile.js": {"path":"/Users/annawinther/Documents/Lambda/TL/DadJokes-BW-PL/dadjokes-backend/knexfile.js","statementMap":{"0":{"start":{"line":3,"column":0},"end":{"line":66,"column":2}},"1":{"start":{"line":19,"column":8},"end":{"line":19,"column":51}}},"fnMap":{"0":{"name":"(anonymous_0)","decl":{"start":{"line":17,"column":19},"end":{"line":17,"column":20}},"loc":{"start":{"line":17,"column":35},"end":{"line":20,"column":7}},"line":17}},"branchMap":{},"s":{"0":5,"1":4},"f":{"0":4},"b":{},"_coverageSchema":"43e27e138ebf9cfc5966b082cf9a028302ed4184","hash":"d48dc810b0fc7b0e1654dfd606a85c8eb9ed90a8"}
,"/Users/annawinther/Documents/Lambda/TL/DadJokes-BW-PL/dadjokes-backend/api/server.js": {"path":"/Users/annawinther/Documents/Lambda/TL/DadJokes-BW-PL/dadjokes-backend/api/server.js","statementMap":{"0":{"start":{"line":1,"column":16},"end":{"line":1,"column":34}},"1":{"start":{"line":2,"column":13},"end":{"line":2,"column":28}},"2":{"start":{"line":3,"column":15},"end":{"line":3,"column":32}},"3":{"start":{"line":4,"column":19},"end":{"line":4,"column":49}},"4":{"start":{"line":5,"column":20},"end":{"line":5,"column":51}},"5":{"start":{"line":6,"column":26},"end":{"line":6,"column":63}},"6":{"start":{"line":7,"column":19},"end":{"line":7,"column":54}},"7":{"start":{"line":9,"column":15},"end":{"line":9,"column":24}},"8":{"start":{"line":11,"column":0},"end":{"line":11,"column":27}},"9":{"start":{"line":12,"column":0},"end":{"line":12,"column":21}},"10":{"start":{"line":13,"column":0},"end":{"line":13,"column":19}},"11":{"start":{"line":14,"column":0},"end":{"line":14,"column":36}},"12":{"start":{"line":15,"column":0},"end":{"line":15,"column":50}},"13":{"start":{"line":16,"column":0},"end":{"line":16,"column":51}},"14":{"start":{"line":18,"column":0},"end":{"line":20,"column":2}},"15":{"start":{"line":19,"column":4},"end":{"line":19,"column":42}},"16":{"start":{"line":22,"column":0},"end":{"line":22,"column":24}}},"fnMap":{"0":{"name":"(anonymous_0)","decl":{"start":{"line":18,"column":16},"end":{"line":18,"column":17}},"loc":{"start":{"line":18,"column":30},"end":{"line":20,"column":1}},"line":18}},"branchMap":{},"s":{"0":4,"1":4,"2":4,"3":4,"4":4,"5":4,"6":4,"7":4,"8":4,"9":4,"10":4,"11":4,"12":4,"13":4,"14":4,"15":1,"16":4},"f":{"0":1},"b":{},"_coverageSchema":"43e27e138ebf9cfc5966b082cf9a028302ed4184","hash":"7040c9bae6177be361a164caf318a3ce45286c6e"}
,"/Users/annawinther/Documents/Lambda/TL/DadJokes-BW-PL/dadjokes-backend/api/models/authModels.js": {"path":"/Users/annawinther/Documents/Lambda/TL/DadJokes-BW-PL/dadjokes-backend/api/models/authModels.js","statementMap":{"0":{"start":{"line":1,"column":11},"end":{"line":1,"column":41}},"1":{"start":{"line":4,"column":0},"end":{"line":9,"column":1}},"2":{"start":{"line":11,"column":4},"end":{"line":11,"column":22}},"3":{"start":{"line":15,"column":4},"end":{"line":17,"column":16}},"4":{"start":{"line":21,"column":4},"end":{"line":23,"column":17}},"5":{"start":{"line":29,"column":17},"end":{"line":29,"column":53}},"6":{"start":{"line":30,"column":4},"end":{"line":30,"column":23}}},"fnMap":{"0":{"name":"getAllUsers","decl":{"start":{"line":10,"column":9},"end":{"line":10,"column":20}},"loc":{"start":{"line":10,"column":22},"end":{"line":12,"column":1}},"line":10},"1":{"name":"findById","decl":{"start":{"line":14,"column":9},"end":{"line":14,"column":17}},"loc":{"start":{"line":14,"column":21},"end":{"line":18,"column":1}},"line":14},"2":{"name":"findBy","decl":{"start":{"line":20,"column":9},"end":{"line":20,"column":15}},"loc":{"start":{"line":20,"column":26},"end":{"line":25,"column":1}},"line":20},"3":{"name":"addUser","decl":{"start":{"line":27,"column":15},"end":{"line":27,"column":22}},"loc":{"start":{"line":27,"column":28},"end":{"line":31,"column":1}},"line":27}},"branchMap":{},"s":{"0":4,"1":4,"2":0,"3":2,"4":3,"5":2,"6":2},"f":{"0":0,"1":2,"2":3,"3":2},"b":{},"_coverageSchema":"43e27e138ebf9cfc5966b082cf9a028302ed4184","hash":"cb74b8e219a3df6fa0d0d32ff0e2c7219c6ddc0e"}
,"/Users/annawinther/Documents/Lambda/TL/DadJokes-BW-PL/dadjokes-backend/api/models/jokesModel.js": {"path":"/Users/annawinther/Documents/Lambda/TL/DadJokes-BW-PL/dadjokes-backend/api/models/jokesModel.js","statementMap":{"0":{"start":{"line":1,"column":11},"end":{"line":1,"column":41}},"1":{"start":{"line":3,"column":0},"end":{"line":10,"column":1}},"2":{"start":{"line":13,"column":4},"end":{"line":22,"column":9}},"3":{"start":{"line":26,"column":4},"end":{"line":27,"column":35}},"4":{"start":{"line":45,"column":4},"end":{"line":47,"column":16}},"5":{"start":{"line":69,"column":17},"end":{"line":69,"column":53}},"6":{"start":{"line":70,"column":4},"end":{"line":72,"column":16}},"7":{"start":{"line":77,"column":4},"end":{"line":79,"column":17}},"8":{"start":{"line":83,"column":4},"end":{"line":85,"column":24}}},"fnMap":{"0":{"name":"getAllJokes","decl":{"start":{"line":12,"column":9},"end":{"line":12,"column":20}},"loc":{"start":{"line":12,"column":22},"end":{"line":23,"column":1}},"line":12},"1":{"name":"findUsersJoke","decl":{"start":{"line":25,"column":9},"end":{"line":25,"column":22}},"loc":{"start":{"line":25,"column":30},"end":{"line":28,"column":1}},"line":25},"2":{"name":"findJokeById","decl":{"start":{"line":44,"column":9},"end":{"line":44,"column":21}},"loc":{"start":{"line":44,"column":25},"end":{"line":48,"column":1}},"line":44},"3":{"name":"addJoke","decl":{"start":{"line":67,"column":15},"end":{"line":67,"column":22}},"loc":{"start":{"line":67,"column":28},"end":{"line":73,"column":1}},"line":67},"4":{"name":"deleteJoke","decl":{"start":{"line":75,"column":9},"end":{"line":75,"column":19}},"loc":{"start":{"line":75,"column":28},"end":{"line":80,"column":1}},"line":75},"5":{"name":"updateJoke","decl":{"start":{"line":82,"column":9},"end":{"line":82,"column":19}},"loc":{"start":{"line":82,"column":44},"end":{"line":86,"column":1}},"line":82}},"branchMap":{},"s":{"0":5,"1":5,"2":0,"3":0,"4":0,"5":1,"6":1,"7":1,"8":0},"f":{"0":0,"1":0,"2":0,"3":1,"4":1,"5":0},"b":{},"_coverageSchema":"43e27e138ebf9cfc5966b082cf9a028302ed4184","hash":"3529e4d9008dcbaa6c5b7fec20050339a582b797"}
,"/Users/annawinther/Documents/Lambda/TL/DadJokes-BW-PL/dadjokes-backend/api/models/publicJokesModel.js": {"path":"/Users/annawinther/Documents/Lambda/TL/DadJokes-BW-PL/dadjokes-backend/api/models/publicJokesModel.js","statementMap":{"0":{"start":{"line":1,"column":11},"end":{"line":1,"column":41}},"1":{"start":{"line":4,"column":4},"end":{"line":14,"column":34}},"2":{"start":{"line":32,"column":0},"end":{"line":34,"column":2}}},"fnMap":{"0":{"name":"getPublicJokes","decl":{"start":{"line":3,"column":9},"end":{"line":3,"column":23}},"loc":{"start":{"line":3,"column":25},"end":{"line":15,"column":1}},"line":3}},"branchMap":{},"s":{"0":4,"1":1,"2":4},"f":{"0":1},"b":{},"_coverageSchema":"43e27e138ebf9cfc5966b082cf9a028302ed4184","hash":"8431052ed8fc7585ae3998ef5c9ae22d89283557"}
,"/Users/annawinther/Documents/Lambda/TL/DadJokes-BW-PL/dadjokes-backend/api/routes/authRoutes.js": {"path":"/Users/annawinther/Documents/Lambda/TL/DadJokes-BW-PL/dadjokes-backend/api/routes/authRoutes.js","statementMap":{"0":{"start":{"line":1,"column":15},"end":{"line":1,"column":42}},"1":{"start":{"line":3,"column":15},"end":{"line":3,"column":34}},"2":{"start":{"line":4,"column":12},"end":{"line":4,"column":35}},"3":{"start":{"line":6,"column":14},"end":{"line":6,"column":45}},"4":{"start":{"line":7,"column":16},"end":{"line":7,"column":46}},"5":{"start":{"line":10,"column":0},"end":{"line":30,"column":2}},"6":{"start":{"line":11,"column":40},"end":{"line":11,"column":48}},"7":{"start":{"line":12,"column":8},"end":{"line":16,"column":9}},"8":{"start":{"line":13,"column":10},"end":{"line":15,"column":13}},"9":{"start":{"line":17,"column":17},"end":{"line":17,"column":46}},"10":{"start":{"line":19,"column":20},"end":{"line":23,"column":5}},"11":{"start":{"line":24,"column":4},"end":{"line":29,"column":5}},"12":{"start":{"line":25,"column":22},"end":{"line":25,"column":50}},"13":{"start":{"line":26,"column":8},"end":{"line":26,"column":35}},"14":{"start":{"line":28,"column":8},"end":{"line":28,"column":72}},"15":{"start":{"line":57,"column":0},"end":{"line":75,"column":3}},"16":{"start":{"line":58,"column":32},"end":{"line":58,"column":40}},"17":{"start":{"line":60,"column":4},"end":{"line":74,"column":10}},"18":{"start":{"line":62,"column":12},"end":{"line":70,"column":13}},"19":{"start":{"line":63,"column":30},"end":{"line":63,"column":49}},"20":{"start":{"line":64,"column":16},"end":{"line":67,"column":18}},"21":{"start":{"line":69,"column":16},"end":{"line":69,"column":72}},"22":{"start":{"line":73,"column":12},"end":{"line":73,"column":75}},"23":{"start":{"line":106,"column":20},"end":{"line":109,"column":5}},"24":{"start":{"line":110,"column":20},"end":{"line":112,"column":5}},"25":{"start":{"line":113,"column":4},"end":{"line":113,"column":56}},"26":{"start":{"line":116,"column":0},"end":{"line":116,"column":24}}},"fnMap":{"0":{"name":"(anonymous_0)","decl":{"start":{"line":10,"column":25},"end":{"line":10,"column":26}},"loc":{"start":{"line":10,"column":45},"end":{"line":30,"column":1}},"line":10},"1":{"name":"(anonymous_1)","decl":{"start":{"line":57,"column":23},"end":{"line":57,"column":24}},"loc":{"start":{"line":57,"column":37},"end":{"line":75,"column":1}},"line":57},"2":{"name":"(anonymous_2)","decl":{"start":{"line":61,"column":14},"end":{"line":61,"column":15}},"loc":{"start":{"line":61,"column":22},"end":{"line":71,"column":9}},"line":61},"3":{"name":"(anonymous_3)","decl":{"start":{"line":72,"column":15},"end":{"line":72,"column":16}},"loc":{"start":{"line":72,"column":21},"end":{"line":74,"column":9}},"line":72},"4":{"name":"generateToken","decl":{"start":{"line":105,"column":9},"end":{"line":105,"column":22}},"loc":{"start":{"line":105,"column":28},"end":{"line":114,"column":1}},"line":105}},"branchMap":{"0":{"loc":{"start":{"line":12,"column":8},"end":{"line":16,"column":9}},"type":"if","locations":[{"start":{"line":12,"column":8},"end":{"line":16,"column":9}},{"start":{"line":12,"column":8},"end":{"line":16,"column":9}}],"line":12},"1":{"loc":{"start":{"line":12,"column":12},"end":{"line":12,"column":44}},"type":"binary-expr","locations":[{"start":{"line":12,"column":12},"end":{"line":12,"column":18}},{"start":{"line":12,"column":22},"end":{"line":12,"column":31}},{"start":{"line":12,"column":35},"end":{"line":12,"column":44}}],"line":12},"2":{"loc":{"start":{"line":62,"column":12},"end":{"line":70,"column":13}},"type":"if","locations":[{"start":{"line":62,"column":12},"end":{"line":70,"column":13}},{"start":{"line":62,"column":12},"end":{"line":70,"column":13}}],"line":62},"3":{"loc":{"start":{"line":62,"column":15},"end":{"line":62,"column":66}},"type":"binary-expr","locations":[{"start":{"line":62,"column":15},"end":{"line":62,"column":19}},{"start":{"line":62,"column":23},"end":{"line":62,"column":66}}],"line":62}},"s":{"0":4,"1":4,"2":4,"3":4,"4":4,"5":4,"6":2,"7":2,"8":0,"9":2,"10":2,"11":2,"12":2,"13":2,"14":0,"15":4,"16":3,"17":3,"18":1,"19":1,"20":1,"21":0,"22":2,"23":1,"24":1,"25":1,"26":4},"f":{"0":2,"1":3,"2":1,"3":2,"4":1},"b":{"0":[0,2],"1":[2,2,2],"2":[1,0],"3":[1,1]},"_coverageSchema":"43e27e138ebf9cfc5966b082cf9a028302ed4184","hash":"ff55939c59f44a35faf6c9c297f809a907b57471"}
,"/Users/annawinther/Documents/Lambda/TL/DadJokes-BW-PL/dadjokes-backend/api/routes/jokesRouter.js": {"path":"/Users/annawinther/Documents/Lambda/TL/DadJokes-BW-PL/dadjokes-backend/api/routes/jokesRouter.js","statementMap":{"0":{"start":{"line":1,"column":15},"end":{"line":1,"column":42}},"1":{"start":{"line":3,"column":14},"end":{"line":3,"column":45}},"2":{"start":{"line":5,"column":0},"end":{"line":13,"column":2}},"3":{"start":{"line":6,"column":4},"end":{"line":12,"column":10}},"4":{"start":{"line":8,"column":12},"end":{"line":8,"column":39}},"5":{"start":{"line":11,"column":12},"end":{"line":11,"column":77}},"6":{"start":{"line":25,"column":0},"end":{"line":43,"column":5}},"7":{"start":{"line":26,"column":19},"end":{"line":26,"column":29}},"8":{"start":{"line":27,"column":29},"end":{"line":27,"column":32}},"9":{"start":{"line":28,"column":19},"end":{"line":28,"column":35}},"10":{"start":{"line":29,"column":4},"end":{"line":42,"column":5}},"11":{"start":{"line":30,"column":19},"end":{"line":30,"column":55}},"12":{"start":{"line":31,"column":6},"end":{"line":35,"column":7}},"13":{"start":{"line":32,"column":8},"end":{"line":34,"column":11}},"14":{"start":{"line":37,"column":6},"end":{"line":37,"column":33}},"15":{"start":{"line":39,"column":6},"end":{"line":41,"column":9}},"16":{"start":{"line":45,"column":0},"end":{"line":53,"column":3}},"17":{"start":{"line":46,"column":4},"end":{"line":52,"column":14}},"18":{"start":{"line":48,"column":12},"end":{"line":48,"column":38}},"19":{"start":{"line":51,"column":12},"end":{"line":51,"column":68}},"20":{"start":{"line":55,"column":1},"end":{"line":65,"column":3}},"21":{"start":{"line":56,"column":15},"end":{"line":56,"column":28}},"22":{"start":{"line":58,"column":4},"end":{"line":64,"column":10}},"23":{"start":{"line":60,"column":12},"end":{"line":60,"column":78}},"24":{"start":{"line":63,"column":12},"end":{"line":63,"column":57}},"25":{"start":{"line":66,"column":0},"end":{"line":66,"column":24}}},"fnMap":{"0":{"name":"(anonymous_0)","decl":{"start":{"line":5,"column":16},"end":{"line":5,"column":17}},"loc":{"start":{"line":5,"column":30},"end":{"line":13,"column":1}},"line":5},"1":{"name":"(anonymous_1)","decl":{"start":{"line":7,"column":14},"end":{"line":7,"column":15}},"loc":{"start":{"line":7,"column":23},"end":{"line":9,"column":9}},"line":7},"2":{"name":"(anonymous_2)","decl":{"start":{"line":10,"column":15},"end":{"line":10,"column":16}},"loc":{"start":{"line":10,"column":21},"end":{"line":12,"column":9}},"line":10},"3":{"name":"(anonymous_3)","decl":{"start":{"line":25,"column":19},"end":{"line":25,"column":20}},"loc":{"start":{"line":25,"column":39},"end":{"line":43,"column":3}},"line":25},"4":{"name":"(anonymous_4)","decl":{"start":{"line":45,"column":17},"end":{"line":45,"column":18}},"loc":{"start":{"line":45,"column":31},"end":{"line":53,"column":2}},"line":45},"5":{"name":"(anonymous_5)","decl":{"start":{"line":47,"column":14},"end":{"line":47,"column":15}},"loc":{"start":{"line":47,"column":22},"end":{"line":49,"column":9}},"line":47},"6":{"name":"(anonymous_6)","decl":{"start":{"line":50,"column":15},"end":{"line":50,"column":16}},"loc":{"start":{"line":50,"column":21},"end":{"line":52,"column":13}},"line":50},"7":{"name":"(anonymous_7)","decl":{"start":{"line":55,"column":23},"end":{"line":55,"column":24}},"loc":{"start":{"line":55,"column":37},"end":{"line":65,"column":2}},"line":55},"8":{"name":"(anonymous_8)","decl":{"start":{"line":59,"column":14},"end":{"line":59,"column":15}},"loc":{"start":{"line":59,"column":20},"end":{"line":61,"column":9}},"line":59},"9":{"name":"(anonymous_9)","decl":{"start":{"line":62,"column":15},"end":{"line":62,"column":16}},"loc":{"start":{"line":62,"column":24},"end":{"line":64,"column":9}},"line":62}},"branchMap":{"0":{"loc":{"start":{"line":31,"column":6},"end":{"line":35,"column":7}},"type":"if","locations":[{"start":{"line":31,"column":6},"end":{"line":35,"column":7}},{"start":{"line":31,"column":6},"end":{"line":35,"column":7}}],"line":31}},"s":{"0":4,"1":4,"2":4,"3":0,"4":0,"5":0,"6":4,"7":0,"8":0,"9":0,"10":0,"11":0,"12":0,"13":0,"14":0,"15":0,"16":4,"17":0,"18":0,"19":0,"20":4,"21":0,"22":0,"23":0,"24":0,"25":4},"f":{"0":0,"1":0,"2":0,"3":0,"4":0,"5":0,"6":0,"7":0,"8":0,"9":0},"b":{"0":[0,0]},"_coverageSchema":"43e27e138ebf9cfc5966b082cf9a028302ed4184","hash":"4218cadaa45be1af05b688cadf563d2447332013"}
,"/Users/annawinther/Documents/Lambda/TL/DadJokes-BW-PL/dadjokes-backend/api/routes/publicJokesRouter.js": {"path":"/Users/annawinther/Documents/Lambda/TL/DadJokes-BW-PL/dadjokes-backend/api/routes/publicJokesRouter.js","statementMap":{"0":{"start":{"line":1,"column":15},"end":{"line":1,"column":42}},"1":{"start":{"line":2,"column":15},"end":{"line":2,"column":52}},"2":{"start":{"line":4,"column":0},"end":{"line":31,"column":5}},"3":{"start":{"line":5,"column":2},"end":{"line":13,"column":7}},"4":{"start":{"line":7,"column":9},"end":{"line":7,"column":37}},"5":{"start":{"line":10,"column":8},"end":{"line":12,"column":13}},"6":{"start":{"line":33,"column":2},"end":{"line":33,"column":26}}},"fnMap":{"0":{"name":"(anonymous_0)","decl":{"start":{"line":4,"column":16},"end":{"line":4,"column":17}},"loc":{"start":{"line":4,"column":30},"end":{"line":31,"column":3}},"line":4},"1":{"name":"(anonymous_1)","decl":{"start":{"line":6,"column":11},"end":{"line":6,"column":12}},"loc":{"start":{"line":6,"column":20},"end":{"line":8,"column":6}},"line":6},"2":{"name":"(anonymous_2)","decl":{"start":{"line":9,"column":12},"end":{"line":9,"column":13}},"loc":{"start":{"line":9,"column":21},"end":{"line":13,"column":6}},"line":9}},"branchMap":{},"s":{"0":4,"1":4,"2":4,"3":1,"4":1,"5":0,"6":4},"f":{"0":1,"1":1,"2":0},"b":{},"_coverageSchema":"43e27e138ebf9cfc5966b082cf9a028302ed4184","hash":"46bc085c5d3f283ff29c6aec8e863e7d4f5da498"}
,"/Users/annawinther/Documents/Lambda/TL/DadJokes-BW-PL/dadjokes-backend/config/secret.js": {"path":"/Users/annawinther/Documents/Lambda/TL/DadJokes-BW-PL/dadjokes-backend/config/secret.js","statementMap":{"0":{"start":{"line":1,"column":0},"end":{"line":4,"column":1}}},"fnMap":{},"branchMap":{"0":{"loc":{"start":{"line":3,"column":15},"end":{"line":3,"column":64}},"type":"binary-expr","locations":[{"start":{"line":3,"column":15},"end":{"line":3,"column":37}},{"start":{"line":3,"column":41},"end":{"line":3,"column":64}}],"line":3}},"s":{"0":4},"f":{},"b":{"0":[4,4]},"_coverageSchema":"43e27e138ebf9cfc5966b082cf9a028302ed4184","hash":"459f49f5f053451f6d78f8fabd88c08be6b804b9"}
,"/Users/annawinther/Documents/Lambda/TL/DadJokes-BW-PL/dadjokes-backend/data/dbConfig.js": {"path":"/Users/annawinther/Documents/Lambda/TL/DadJokes-BW-PL/dadjokes-backend/data/dbConfig.js","statementMap":{"0":{"start":{"line":1,"column":13},"end":{"line":1,"column":28}},"1":{"start":{"line":3,"column":19},"end":{"line":3,"column":44}},"2":{"start":{"line":5,"column":14},"end":{"line":5,"column":49}},"3":{"start":{"line":7,"column":0},"end":{"line":7,"column":41}}},"fnMap":{},"branchMap":{"0":{"loc":{"start":{"line":5,"column":14},"end":{"line":5,"column":49}},"type":"binary-expr","locations":[{"start":{"line":5,"column":14},"end":{"line":5,"column":32}},{"start":{"line":5,"column":36},"end":{"line":5,"column":49}}],"line":5}},"s":{"0":5,"1":5,"2":5,"3":5},"f":{},"b":{"0":[5,5]},"_coverageSchema":"43e27e138ebf9cfc5966b082cf9a028302ed4184","hash":"b93fbefd567a8609d7ba765a922b33427e0bf3d3"}
,"/Users/annawinther/Documents/Lambda/TL/DadJokes-BW-PL/dadjokes-backend/middleware/restricted.js": {"path":"/Users/annawinther/Documents/Lambda/TL/DadJokes-BW-PL/dadjokes-backend/middleware/restricted.js","statementMap":{"0":{"start":{"line":1,"column":12},"end":{"line":1,"column":35}},"1":{"start":{"line":2,"column":15},"end":{"line":2,"column":42}},"2":{"start":{"line":6,"column":32},"end":{"line":6,"column":57}},"3":{"start":{"line":8,"column":4},"end":{"line":19,"column":5}},"4":{"start":{"line":9,"column":8},"end":{"line":16,"column":10}},"5":{"start":{"line":10,"column":12},"end":{"line":15,"column":13}},"6":{"start":{"line":11,"column":16},"end":{"line":11,"column":90}},"7":{"start":{"line":13,"column":16},"end":{"line":13,"column":48}},"8":{"start":{"line":14,"column":16},"end":{"line":14,"column":23}},"9":{"start":{"line":18,"column":8},"end":{"line":18,"column":55}},"10":{"start":{"line":22,"column":0},"end":{"line":22,"column":28}}},"fnMap":{"0":{"name":"restricted","decl":{"start":{"line":5,"column":9},"end":{"line":5,"column":19}},"loc":{"start":{"line":5,"column":35},"end":{"line":20,"column":1}},"line":5},"1":{"name":"(anonymous_1)","decl":{"start":{"line":9,"column":58},"end":{"line":9,"column":59}},"loc":{"start":{"line":9,"column":81},"end":{"line":16,"column":9}},"line":9}},"branchMap":{"0":{"loc":{"start":{"line":8,"column":4},"end":{"line":19,"column":5}},"type":"if","locations":[{"start":{"line":8,"column":4},"end":{"line":19,"column":5}},{"start":{"line":8,"column":4},"end":{"line":19,"column":5}}],"line":8},"1":{"loc":{"start":{"line":10,"column":12},"end":{"line":15,"column":13}},"type":"if","locations":[{"start":{"line":10,"column":12},"end":{"line":15,"column":13}},{"start":{"line":10,"column":12},"end":{"line":15,"column":13}}],"line":10}},"s":{"0":4,"1":4,"2":0,"3":0,"4":0,"5":0,"6":0,"7":0,"8":0,"9":0,"10":4},"f":{"0":0,"1":0},"b":{"0":[0,0],"1":[0,0]},"_coverageSchema":"43e27e138ebf9cfc5966b082cf9a028302ed4184","hash":"b2dc1ae6bafbfb33717725479b158a6c476e7138"}
}
