TN:
SF:/Users/annawinther/Documents/Lambda/TL/DadJokes-BW-PL/dadjokes-backend/knexfile.js
FN:17,(anonymous_0)
FNF:1
FNH:1
FNDA:4,(anonymous_0)
DA:3,5
DA:19,4
LF:2
LH:2
BRF:0
BRH:0
end_of_record
TN:
SF:/Users/annawinther/Documents/Lambda/TL/DadJokes-BW-PL/dadjokes-backend/api/server.js
FN:18,(anonymous_0)
FNF:1
FNH:1
FNDA:1,(anonymous_0)
DA:1,4
DA:2,4
DA:3,4
DA:4,4
DA:5,4
DA:6,4
DA:7,4
DA:9,4
DA:11,4
DA:12,4
DA:13,4
DA:14,4
DA:15,4
DA:16,4
DA:18,4
DA:19,1
DA:22,4
LF:17
LH:17
BRF:0
BRH:0
end_of_record
TN:
SF:/Users/annawinther/Documents/Lambda/TL/DadJokes-BW-PL/dadjokes-backend/api/models/authModels.js
FN:11,getAllUsers
FN:15,findById
FN:21,findBy
FN:28,addUser
FNF:4
FNH:3
FNDA:0,getAllUsers
FNDA:2,findById
FNDA:3,findBy
FNDA:2,addUser
DA:1,4
DA:4,4
DA:12,0
DA:16,2
DA:22,3
DA:30,2
DA:31,2
LF:7
LH:6
BRF:0
BRH:0
end_of_record
TN:
SF:/Users/annawinther/Documents/Lambda/TL/DadJokes-BW-PL/dadjokes-backend/api/models/jokesModel.js
FN:13,getAllJokes
FN:27,findUsersJoke
FN:46,findJokeById
FN:74,addJoke
FN:80,(anonymous_4)
FN:86,deleteJoke
FN:93,updateJoke
FNF:7
FNH:6
FNDA:1,getAllJokes
FNDA:0,findUsersJoke
FNDA:2,findJokeById
FNDA:3,addJoke
FNDA:2,(anonymous_4)
FNDA:2,deleteJoke
FNDA:1,updateJoke
DA:1,5
DA:2,5
DA:4,5
DA:14,1
DA:28,0
DA:47,2
DA:79,3
DA:81,2
DA:82,2
DA:87,2
DA:94,1
LF:11
LH:10
BRDA:50,0,0,2
BRDA:50,0,1,1
BRF:2
BRH:2
end_of_record
TN:
SF:/Users/annawinther/Documents/Lambda/TL/DadJokes-BW-PL/dadjokes-backend/api/models/publicJokesModel.js
FN:3,getPublicJokes
FNF:1
FNH:1
FNDA:1,getPublicJokes
DA:1,4
DA:4,1
DA:32,4
LF:3
LH:3
BRF:0
BRH:0
end_of_record
TN:
SF:/Users/annawinther/Documents/Lambda/TL/DadJokes-BW-PL/dadjokes-backend/api/routes/authRoutes.js
FN:10,(anonymous_0)
FN:57,(anonymous_1)
FN:61,(anonymous_2)
FN:72,(anonymous_3)
FN:105,generateToken
FNF:5
FNH:5
FNDA:2,(anonymous_0)
FNDA:3,(anonymous_1)
FNDA:2,(anonymous_2)
FNDA:1,(anonymous_3)
FNDA:2,generateToken
DA:1,4
DA:3,4
DA:4,4
DA:6,4
DA:7,4
DA:10,4
DA:11,2
DA:12,2
DA:13,0
DA:17,2
DA:19,2
DA:24,2
DA:25,2
DA:26,2
DA:28,0
DA:57,4
DA:58,3
DA:60,3
DA:62,2
DA:63,2
DA:64,2
DA:69,0
DA:73,1
DA:106,2
DA:110,2
DA:113,2
DA:116,4
LF:27
LH:24
BRDA:12,0,0,0
BRDA:12,0,1,2
BRDA:12,1,0,2
BRDA:12,1,1,2
BRDA:12,1,2,2
BRDA:62,2,0,2
BRDA:62,2,1,0
BRDA:62,3,0,2
BRDA:62,3,1,2
BRF:9
BRH:7
end_of_record
TN:
SF:/Users/annawinther/Documents/Lambda/TL/DadJokes-BW-PL/dadjokes-backend/api/routes/jokesRouter.js
FN:6,(anonymous_0)
FN:11,(anonymous_1)
FN:14,(anonymous_2)
FN:19,(anonymous_3)
FN:25,(anonymous_4)
FN:28,(anonymous_5)
FN:52,(anonymous_6)
FN:55,(anonymous_7)
FN:58,(anonymous_8)
FN:63,(anonymous_9)
FN:70,(anonymous_10)
FN:73,(anonymous_11)
FN:78,(anonymous_12)
FN:86,(anonymous_13)
FN:89,(anonymous_14)
FNF:15
FNH:2
FNDA:1,(anonymous_0)
FNDA:1,(anonymous_1)
FNDA:0,(anonymous_2)
FNDA:0,(anonymous_3)
FNDA:0,(anonymous_4)
FNDA:0,(anonymous_5)
FNDA:0,(anonymous_6)
FNDA:0,(anonymous_7)
FNDA:0,(anonymous_8)
FNDA:0,(anonymous_9)
FNDA:0,(anonymous_10)
FNDA:0,(anonymous_11)
FNDA:0,(anonymous_12)
FNDA:0,(anonymous_13)
FNDA:0,(anonymous_14)
DA:1,4
DA:3,4
DA:4,4
DA:6,4
DA:7,1
DA:8,1
DA:10,1
DA:12,1
DA:15,0
DA:19,4
DA:20,0
DA:21,0
DA:23,0
DA:24,0
DA:26,0
DA:29,0
DA:52,4
DA:54,0
DA:56,0
DA:59,0
DA:63,4
DA:64,0
DA:66,0
DA:67,0
DA:69,0
DA:71,0
DA:74,0
DA:78,4
DA:79,0
DA:80,0
DA:82,0
DA:83,0
DA:85,0
DA:87,0
DA:90,0
DA:95,4
LF:36
LH:13
BRF:0
BRH:0
end_of_record
TN:
SF:/Users/annawinther/Documents/Lambda/TL/DadJokes-BW-PL/dadjokes-backend/api/routes/publicJokesRouter.js
FN:4,(anonymous_0)
FN:6,(anonymous_1)
FN:9,(anonymous_2)
FNF:3
FNH:2
FNDA:1,(anonymous_0)
FNDA:1,(anonymous_1)
FNDA:0,(anonymous_2)
DA:1,4
DA:2,4
DA:4,4
DA:5,1
DA:7,1
DA:10,0
DA:33,4
LF:7
LH:6
BRF:0
BRH:0
end_of_record
TN:
SF:/Users/annawinther/Documents/Lambda/TL/DadJokes-BW-PL/dadjokes-backend/config/secret.js
FNF:0
FNH:0
DA:1,5
LF:1
LH:1
BRDA:3,0,0,5
BRDA:3,0,1,5
BRF:2
BRH:2
end_of_record
TN:
SF:/Users/annawinther/Documents/Lambda/TL/DadJokes-BW-PL/dadjokes-backend/data/dbConfig.js
FNF:0
FNH:0
DA:1,5
DA:3,5
DA:5,5
DA:7,5
LF:4
LH:4
BRDA:5,0,0,5
BRDA:5,0,1,5
BRF:2
BRH:2
end_of_record
TN:
SF:/Users/annawinther/Documents/Lambda/TL/DadJokes-BW-PL/dadjokes-backend/middleware/jwt.js
FN:6,JWTtoUserID
FNF:1
FNH:1
FNDA:1,JWTtoUserID
DA:1,5
DA:2,5
DA:4,5
DA:7,1
DA:8,1
LF:5
LH:5
BRF:0
BRH:0
end_of_record
TN:
SF:/Users/annawinther/Documents/Lambda/TL/DadJokes-BW-PL/dadjokes-backend/middleware/restricted.js
FN:7,restricted
FN:11,(anonymous_1)
FNF:2
FNH:2
FNDA:6,restricted
FNDA:1,(anonymous_1)
DA:1,4
DA:2,4
DA:5,4
DA:8,6
DA:10,6
DA:11,1
DA:12,1
DA:13,0
DA:15,1
DA:16,1
DA:20,5
LF:11
LH:10
BRDA:10,0,0,1
BRDA:10,0,1,5
BRDA:12,1,0,0
BRDA:12,1,1,1
BRF:4
BRH:3
end_of_record
