TN:
SF:/Users/annawinther/Documents/Lambda/TL/DadJokes-BW-PL/dadjokes-backend/knexfile.js
FN:17,(anonymous_0)
FNF:1
FNH:1
FNDA:4,(anonymous_0)
DA:3,5
DA:19,4
LF:2
LH:2
BRF:0
BRH:0
end_of_record
TN:
SF:/Users/annawinther/Documents/Lambda/TL/DadJokes-BW-PL/dadjokes-backend/api/server.js
FN:18,(anonymous_0)
FNF:1
FNH:1
FNDA:1,(anonymous_0)
DA:1,4
DA:2,4
DA:3,4
DA:4,4
DA:5,4
DA:6,4
DA:7,4
DA:9,4
DA:11,4
DA:12,4
DA:13,4
DA:14,4
DA:15,4
DA:16,4
DA:18,4
DA:19,1
DA:22,4
LF:17
LH:17
BRF:0
BRH:0
end_of_record
TN:
SF:/Users/annawinther/Documents/Lambda/TL/DadJokes-BW-PL/dadjokes-backend/api/models/authModels.js
FN:10,getAllUsers
FN:14,findById
FN:20,findBy
FN:27,addUser
FNF:4
FNH:3
FNDA:0,getAllUsers
FNDA:2,findById
FNDA:3,findBy
FNDA:2,addUser
DA:1,4
DA:4,4
DA:11,0
DA:15,2
DA:21,3
DA:29,2
DA:30,2
LF:7
LH:6
BRF:0
BRH:0
end_of_record
TN:
SF:/Users/annawinther/Documents/Lambda/TL/DadJokes-BW-PL/dadjokes-backend/api/models/jokesModel.js
FN:12,getAllJokes
FN:25,findUsersJoke
FN:44,findJokeById
FN:67,addJoke
FN:75,deleteJoke
FN:82,updateJoke
FNF:6
FNH:2
FNDA:0,getAllJokes
FNDA:0,findUsersJoke
FNDA:0,findJokeById
FNDA:1,addJoke
FNDA:1,deleteJoke
FNDA:0,updateJoke
DA:1,5
DA:3,5
DA:13,0
DA:26,0
DA:45,0
DA:69,1
DA:70,1
DA:77,1
DA:83,0
LF:9
LH:5
BRF:0
BRH:0
end_of_record
TN:
SF:/Users/annawinther/Documents/Lambda/TL/DadJokes-BW-PL/dadjokes-backend/api/models/publicJokesModel.js
FN:3,getPublicJokes
FNF:1
FNH:1
FNDA:1,getPublicJokes
DA:1,4
DA:4,1
DA:32,4
LF:3
LH:3
BRF:0
BRH:0
end_of_record
TN:
SF:/Users/annawinther/Documents/Lambda/TL/DadJokes-BW-PL/dadjokes-backend/api/routes/authRoutes.js
FN:10,(anonymous_0)
FN:57,(anonymous_1)
FN:61,(anonymous_2)
FN:72,(anonymous_3)
FN:105,generateToken
FNF:5
FNH:5
FNDA:2,(anonymous_0)
FNDA:3,(anonymous_1)
FNDA:1,(anonymous_2)
FNDA:2,(anonymous_3)
FNDA:1,generateToken
DA:1,4
DA:3,4
DA:4,4
DA:6,4
DA:7,4
DA:10,4
DA:11,2
DA:12,2
DA:13,0
DA:17,2
DA:19,2
DA:24,2
DA:25,2
DA:26,2
DA:28,0
DA:57,4
DA:58,3
DA:60,3
DA:62,1
DA:63,1
DA:64,1
DA:69,0
DA:73,2
DA:106,1
DA:110,1
DA:113,1
DA:116,4
LF:27
LH:24
BRDA:12,0,0,0
BRDA:12,0,1,2
BRDA:12,1,0,2
BRDA:12,1,1,2
BRDA:12,1,2,2
BRDA:62,2,0,1
BRDA:62,2,1,0
BRDA:62,3,0,1
BRDA:62,3,1,1
BRF:9
BRH:7
end_of_record
TN:
SF:/Users/annawinther/Documents/Lambda/TL/DadJokes-BW-PL/dadjokes-backend/api/routes/jokesRouter.js
FN:5,(anonymous_0)
FN:7,(anonymous_1)
FN:10,(anonymous_2)
FN:25,(anonymous_3)
FN:45,(anonymous_4)
FN:47,(anonymous_5)
FN:50,(anonymous_6)
FN:55,(anonymous_7)
FN:59,(anonymous_8)
FN:62,(anonymous_9)
FNF:10
FNH:0
FNDA:0,(anonymous_0)
FNDA:0,(anonymous_1)
FNDA:0,(anonymous_2)
FNDA:0,(anonymous_3)
FNDA:0,(anonymous_4)
FNDA:0,(anonymous_5)
FNDA:0,(anonymous_6)
FNDA:0,(anonymous_7)
FNDA:0,(anonymous_8)
FNDA:0,(anonymous_9)
DA:1,4
DA:3,4
DA:5,4
DA:6,0
DA:8,0
DA:11,0
DA:25,4
DA:26,0
DA:27,0
DA:28,0
DA:29,0
DA:30,0
DA:31,0
DA:32,0
DA:37,0
DA:39,0
DA:45,4
DA:46,0
DA:48,0
DA:51,0
DA:55,4
DA:56,0
DA:58,0
DA:60,0
DA:63,0
DA:66,4
LF:26
LH:7
BRDA:31,0,0,0
BRDA:31,0,1,0
BRF:2
BRH:0
end_of_record
TN:
SF:/Users/annawinther/Documents/Lambda/TL/DadJokes-BW-PL/dadjokes-backend/api/routes/publicJokesRouter.js
FN:4,(anonymous_0)
FN:6,(anonymous_1)
FN:9,(anonymous_2)
FNF:3
FNH:2
FNDA:1,(anonymous_0)
FNDA:1,(anonymous_1)
FNDA:0,(anonymous_2)
DA:1,4
DA:2,4
DA:4,4
DA:5,1
DA:7,1
DA:10,0
DA:33,4
LF:7
LH:6
BRF:0
BRH:0
end_of_record
TN:
SF:/Users/annawinther/Documents/Lambda/TL/DadJokes-BW-PL/dadjokes-backend/config/secret.js
FNF:0
FNH:0
DA:1,4
LF:1
LH:1
BRDA:3,0,0,4
BRDA:3,0,1,4
BRF:2
BRH:2
end_of_record
TN:
SF:/Users/annawinther/Documents/Lambda/TL/DadJokes-BW-PL/dadjokes-backend/data/dbConfig.js
FNF:0
FNH:0
DA:1,5
DA:3,5
DA:5,5
DA:7,5
LF:4
LH:4
BRDA:5,0,0,5
BRDA:5,0,1,5
BRF:2
BRH:2
end_of_record
TN:
SF:/Users/annawinther/Documents/Lambda/TL/DadJokes-BW-PL/dadjokes-backend/middleware/restricted.js
FN:5,restricted
FN:9,(anonymous_1)
FNF:2
FNH:0
FNDA:0,restricted
FNDA:0,(anonymous_1)
DA:1,4
DA:2,4
DA:6,0
DA:8,0
DA:9,0
DA:10,0
DA:11,0
DA:13,0
DA:14,0
DA:18,0
DA:22,4
LF:11
LH:3
BRDA:8,0,0,0
BRDA:8,0,1,0
BRDA:10,1,0,0
BRDA:10,1,1,0
BRF:4
BRH:0
end_of_record
